<?xml version="1.0" encoding="UTF-8"?>
<!-- Generated by org.testng.reporters.JUnitReportReporter -->
<testsuite hostname="saranyn1" name="com.training.sanity.tests.Trainertest" tests="1" failures="0" timestamp="13 Sep 2019 13:13:40 GMT" time="155.254" errors="0">
  <testcase name="validLoginTest" time="155.254" classname="com.training.sanity.tests.Trainertest"/>
</testsuite> <!-- com.training.sanity.tests.Trainertest -->
