<?xml version="1.0" encoding="UTF-8"?>
<!-- Generated by org.testng.reporters.JUnitReportReporter -->
<testsuite hostname="saranyn1" name="com.training.sanity.tests.Onlinetest" tests="1" failures="0" timestamp="4 Sep 2019 05:32:00 GMT" time="52.117" errors="0">
  <testcase name="validLoginTest" time="52.117" classname="com.training.sanity.tests.Onlinetest"/>
</testsuite> <!-- com.training.sanity.tests.Onlinetest -->
