<?xml version="1.0" encoding="UTF-8"?>
<!-- Generated by org.testng.reporters.JUnitReportReporter -->
<testsuite hostname="saranyn1" name="com.training.sanity.tests.loggin" tests="1" failures="0" timestamp="5 Sep 2019 17:53:42 GMT" time="16.531" errors="0">
  <testcase name="validLoginTest" time="16.531" classname="com.training.sanity.tests.loggin"/>
</testsuite> <!-- com.training.sanity.tests.loggin -->
