<?xml version="1.0" encoding="UTF-8"?>
<!-- Generated by org.testng.reporters.JUnitReportReporter -->
<testsuite hostname="saranyn1" name="com.training.sanity.tests.LoginTests" tests="1" failures="0" timestamp="3 Sep 2019 07:00:28 GMT" time="25.303" errors="0">
  <testcase name="validLoginTest" time="25.303" classname="com.training.sanity.tests.LoginTests"/>
</testsuite> <!-- com.training.sanity.tests.LoginTests -->
