<?xml version="1.0" encoding="UTF-8"?>
<!-- Generated by org.testng.reporters.JUnitReportReporter -->
<testsuite hostname="saranyn1" name="com.training.sanity.tests.tptest" tests="1" failures="0" timestamp="12 Sep 2019 07:29:27 GMT" time="107.033" errors="0">
  <testcase name="validLoginTest" time="107.033" classname="com.training.sanity.tests.tptest"/>
</testsuite> <!-- com.training.sanity.tests.tptest -->
