<?xml version="1.0" encoding="UTF-8"?>
<!-- Generated by org.testng.reporters.JUnitReportReporter -->
<testsuite hostname="saranyn1" name="com.training.sanity.tests.MockTest" tests="1" failures="0" timestamp="3 Sep 2019 16:56:39 GMT" time="49.540" errors="0">
  <testcase name="validLoginTest" time="49.540" classname="com.training.sanity.tests.MockTest"/>
</testsuite> <!-- com.training.sanity.tests.MockTest -->
